mode: set
project-e-commerces/delivery/controllers/products/products.go:16.77,18.2 1 1
project-e-commerces/delivery/controllers/products/products.go:20.65,25.38 3 1
project-e-commerces/delivery/controllers/products/products.go:32.2,35.35 3 1
project-e-commerces/delivery/controllers/products/products.go:25.38,30.3 3 1
project-e-commerces/delivery/controllers/products/products.go:38.66,54.35 4 1
project-e-commerces/delivery/controllers/products/products.go:61.2,64.35 3 1
project-e-commerces/delivery/controllers/products/products.go:54.35,59.3 3 1
project-e-commerces/delivery/controllers/products/products.go:67.65,98.16 7 1
project-e-commerces/delivery/controllers/products/products.go:105.2,108.35 3 1
project-e-commerces/delivery/controllers/products/products.go:98.16,103.3 3 1
project-e-commerces/delivery/controllers/products/products.go:111.65,145.16 10 1
project-e-commerces/delivery/controllers/products/products.go:152.2,155.35 3 1
project-e-commerces/delivery/controllers/products/products.go:145.16,150.3 3 1
project-e-commerces/delivery/controllers/products/products.go:158.70,194.16 5 1
project-e-commerces/delivery/controllers/products/products.go:201.2,204.35 3 1
project-e-commerces/delivery/controllers/products/products.go:194.16,199.3 3 0
project-e-commerces/delivery/controllers/products/products.go:207.74,214.43 4 1
project-e-commerces/delivery/controllers/products/products.go:221.2,224.35 3 1
project-e-commerces/delivery/controllers/products/products.go:214.43,219.3 3 1
project-e-commerces/delivery/controllers/products/products.go:227.65,243.16 4 1
project-e-commerces/delivery/controllers/products/products.go:250.2,253.35 3 1
project-e-commerces/delivery/controllers/products/products.go:243.16,248.3 3 1
