mode: set
project-e-commerces/delivery/controllers/products/products.go:23.77,25.2 1 1
project-e-commerces/delivery/controllers/products/products.go:27.65,35.16 5 1
project-e-commerces/delivery/controllers/products/products.go:39.2,46.19 5 1
project-e-commerces/delivery/controllers/products/products.go:50.2,50.27 1 1
project-e-commerces/delivery/controllers/products/products.go:54.2,58.4 1 1
project-e-commerces/delivery/controllers/products/products.go:35.16,37.3 1 1
project-e-commerces/delivery/controllers/products/products.go:46.19,48.3 1 0
project-e-commerces/delivery/controllers/products/products.go:50.27,52.3 1 1
project-e-commerces/delivery/controllers/products/products.go:61.66,66.31 3 1
project-e-commerces/delivery/controllers/products/products.go:70.2,74.4 1 1
project-e-commerces/delivery/controllers/products/products.go:66.31,68.3 1 1
project-e-commerces/delivery/controllers/products/products.go:77.65,91.16 9 1
project-e-commerces/delivery/controllers/products/products.go:95.2,99.4 1 1
project-e-commerces/delivery/controllers/products/products.go:91.16,93.3 1 1
project-e-commerces/delivery/controllers/products/products.go:102.65,117.16 9 1
project-e-commerces/delivery/controllers/products/products.go:121.2,121.68 1 1
project-e-commerces/delivery/controllers/products/products.go:117.16,119.3 1 1
project-e-commerces/delivery/controllers/products/products.go:124.70,133.16 5 1
project-e-commerces/delivery/controllers/products/products.go:137.2,137.68 1 1
project-e-commerces/delivery/controllers/products/products.go:133.16,135.3 1 1
project-e-commerces/delivery/controllers/products/products.go:140.74,145.42 3 1
project-e-commerces/delivery/controllers/products/products.go:149.2,153.4 1 1
project-e-commerces/delivery/controllers/products/products.go:145.42,147.3 1 1
project-e-commerces/delivery/controllers/products/products.go:156.65,161.16 3 1
project-e-commerces/delivery/controllers/products/products.go:165.2,165.68 1 1
project-e-commerces/delivery/controllers/products/products.go:161.16,163.3 1 1
project-e-commerces/delivery/controllers/products/products.go:168.61,171.38 2 1
project-e-commerces/delivery/controllers/products/products.go:175.2,177.37 2 1
project-e-commerces/delivery/controllers/products/products.go:192.2,195.26 3 1
project-e-commerces/delivery/controllers/products/products.go:208.2,231.16 5 1
project-e-commerces/delivery/controllers/products/products.go:235.2,235.68 1 0
project-e-commerces/delivery/controllers/products/products.go:171.38,173.3 1 0
project-e-commerces/delivery/controllers/products/products.go:177.37,190.3 11 1
project-e-commerces/delivery/controllers/products/products.go:195.26,196.20 1 1
project-e-commerces/delivery/controllers/products/products.go:196.20,197.21 1 1
project-e-commerces/delivery/controllers/products/products.go:197.21,204.5 1 1
project-e-commerces/delivery/controllers/products/products.go:231.16,233.3 1 1
