mode: set
project-e-commerces/delivery/controllers/products/products.go:23.77,25.2 1 1
project-e-commerces/delivery/controllers/products/products.go:27.65,35.16 5 1
project-e-commerces/delivery/controllers/products/products.go:39.2,46.19 5 1
project-e-commerces/delivery/controllers/products/products.go:50.2,50.27 1 1
project-e-commerces/delivery/controllers/products/products.go:54.2,58.4 1 1
project-e-commerces/delivery/controllers/products/products.go:35.16,37.3 1 1
project-e-commerces/delivery/controllers/products/products.go:46.19,48.3 1 0
project-e-commerces/delivery/controllers/products/products.go:50.27,52.3 1 1
project-e-commerces/delivery/controllers/products/products.go:61.66,66.31 3 1
project-e-commerces/delivery/controllers/products/products.go:70.2,74.4 1 1
project-e-commerces/delivery/controllers/products/products.go:66.31,68.3 1 1
project-e-commerces/delivery/controllers/products/products.go:77.65,91.16 9 1
project-e-commerces/delivery/controllers/products/products.go:95.2,99.4 1 1
project-e-commerces/delivery/controllers/products/products.go:91.16,93.3 1 1
project-e-commerces/delivery/controllers/products/products.go:102.65,117.16 9 1
project-e-commerces/delivery/controllers/products/products.go:121.2,121.68 1 1
project-e-commerces/delivery/controllers/products/products.go:117.16,119.3 1 1
project-e-commerces/delivery/controllers/products/products.go:124.70,133.16 5 1
project-e-commerces/delivery/controllers/products/products.go:137.2,137.68 1 1
project-e-commerces/delivery/controllers/products/products.go:133.16,135.3 1 1
project-e-commerces/delivery/controllers/products/products.go:140.74,145.42 3 1
project-e-commerces/delivery/controllers/products/products.go:149.2,153.4 1 1
project-e-commerces/delivery/controllers/products/products.go:145.42,147.3 1 1
project-e-commerces/delivery/controllers/products/products.go:156.65,161.16 3 1
project-e-commerces/delivery/controllers/products/products.go:165.2,165.68 1 1
project-e-commerces/delivery/controllers/products/products.go:161.16,163.3 1 1
project-e-commerces/delivery/controllers/products/products.go:168.61,171.38 2 1
project-e-commerces/delivery/controllers/products/products.go:175.2,177.37 2 1
project-e-commerces/delivery/controllers/products/products.go:192.2,195.26 3 1
project-e-commerces/delivery/controllers/products/products.go:208.2,231.16 5 1
project-e-commerces/delivery/controllers/products/products.go:235.2,235.68 1 0
project-e-commerces/delivery/controllers/products/products.go:171.38,173.3 1 0
project-e-commerces/delivery/controllers/products/products.go:177.37,190.3 11 1
project-e-commerces/delivery/controllers/products/products.go:195.26,196.20 1 1
project-e-commerces/delivery/controllers/products/products.go:196.20,197.21 1 1
project-e-commerces/delivery/controllers/products/products.go:197.21,204.5 1 1
project-e-commerces/delivery/controllers/products/products.go:231.16,233.3 1 1
project-e-commerces/delivery/controllers/categorys/categorys.go:17.81,19.2 1 1
project-e-commerces/delivery/controllers/categorys/categorys.go:21.67,24.33 2 1
project-e-commerces/delivery/controllers/categorys/categorys.go:28.2,32.4 1 1
project-e-commerces/delivery/controllers/categorys/categorys.go:24.33,26.3 1 1
project-e-commerces/delivery/controllers/categorys/categorys.go:35.68,40.31 3 1
project-e-commerces/delivery/controllers/categorys/categorys.go:44.2,48.4 1 1
project-e-commerces/delivery/controllers/categorys/categorys.go:40.31,42.3 1 1
project-e-commerces/delivery/controllers/categorys/categorys.go:51.67,62.16 6 1
project-e-commerces/delivery/controllers/categorys/categorys.go:66.2,70.4 1 1
project-e-commerces/delivery/controllers/categorys/categorys.go:62.16,64.3 1 1
project-e-commerces/delivery/controllers/categorys/categorys.go:73.67,86.16 7 1
project-e-commerces/delivery/controllers/categorys/categorys.go:90.2,90.68 1 1
project-e-commerces/delivery/controllers/categorys/categorys.go:86.16,88.3 1 1
project-e-commerces/delivery/controllers/categorys/categorys.go:93.67,98.16 3 1
project-e-commerces/delivery/controllers/categorys/categorys.go:102.2,102.68 1 1
project-e-commerces/delivery/controllers/categorys/categorys.go:98.16,100.3 1 1
project-e-commerces/delivery/controllers/users/authJwt.go:16.59,19.21 3 1
project-e-commerces/delivery/controllers/users/authJwt.go:24.2,27.61 4 1
project-e-commerces/delivery/controllers/users/authJwt.go:19.21,21.3 1 0
project-e-commerces/delivery/controllers/users/authJwt.go:21.8,23.3 1 1
project-e-commerces/delivery/controllers/users/authJwt.go:30.45,33.16 2 1
project-e-commerces/delivery/controllers/users/authJwt.go:39.2,39.10 1 0
project-e-commerces/delivery/controllers/users/authJwt.go:33.16,38.3 4 1
project-e-commerces/delivery/controllers/users/authJwt.go:59.54,60.36 1 0
project-e-commerces/delivery/controllers/users/authJwt.go:60.36,64.13 4 0
project-e-commerces/delivery/controllers/users/authJwt.go:67.3,67.17 1 0
project-e-commerces/delivery/controllers/users/authJwt.go:64.13,66.4 1 0
project-e-commerces/delivery/controllers/users/hashPwd.go:8.42,11.2 2 1
project-e-commerces/delivery/controllers/users/hashPwd.go:13.47,15.16 2 1
project-e-commerces/delivery/controllers/users/hashPwd.go:18.2,18.18 1 1
project-e-commerces/delivery/controllers/users/hashPwd.go:15.16,17.3 1 0
project-e-commerces/delivery/controllers/users/users.go:15.71,17.2 1 1
project-e-commerces/delivery/controllers/users/users.go:22.57,28.16 4 1
project-e-commerces/delivery/controllers/users/users.go:31.2,34.16 3 1
project-e-commerces/delivery/controllers/users/users.go:38.2,41.4 1 1
project-e-commerces/delivery/controllers/users/users.go:28.16,30.3 1 0
project-e-commerces/delivery/controllers/users/users.go:34.16,36.3 1 1
project-e-commerces/delivery/controllers/users/users.go:44.54,46.39 2 1
project-e-commerces/delivery/controllers/users/users.go:52.2,53.16 2 1
project-e-commerces/delivery/controllers/users/users.go:59.2,60.16 2 1
project-e-commerces/delivery/controllers/users/users.go:64.2,66.10 2 1
project-e-commerces/delivery/controllers/users/users.go:70.2,74.4 1 1
project-e-commerces/delivery/controllers/users/users.go:46.39,50.3 1 1
project-e-commerces/delivery/controllers/users/users.go:53.16,57.3 1 1
project-e-commerces/delivery/controllers/users/users.go:60.16,62.3 1 0
project-e-commerces/delivery/controllers/users/users.go:66.10,68.3 1 1
project-e-commerces/delivery/controllers/users/users.go:80.49,81.36 1 1
project-e-commerces/delivery/controllers/users/users.go:81.36,85.17 3 1
project-e-commerces/delivery/controllers/users/users.go:88.3,91.5 1 1
project-e-commerces/delivery/controllers/users/users.go:85.17,87.4 1 0
project-e-commerces/delivery/controllers/users/users.go:95.52,96.36 1 1
project-e-commerces/delivery/controllers/users/users.go:96.36,100.17 3 1
project-e-commerces/delivery/controllers/users/users.go:103.3,105.5 1 1
project-e-commerces/delivery/controllers/users/users.go:100.17,102.4 1 0
project-e-commerces/delivery/controllers/users/users.go:109.52,110.36 1 1
project-e-commerces/delivery/controllers/users/users.go:110.36,113.17 3 1
project-e-commerces/delivery/controllers/users/users.go:116.3,123.17 8 1
project-e-commerces/delivery/controllers/users/users.go:126.3,129.5 1 1
project-e-commerces/delivery/controllers/users/users.go:113.17,115.4 1 0
project-e-commerces/delivery/controllers/users/users.go:123.17,125.4 1 0
project-e-commerces/delivery/controllers/carts/carts.go:17.70,19.2 1 1
project-e-commerces/delivery/controllers/carts/carts.go:21.76,22.36 1 1
project-e-commerces/delivery/controllers/carts/carts.go:22.36,25.17 2 1
project-e-commerces/delivery/controllers/carts/carts.go:28.3,30.45 2 1
project-e-commerces/delivery/controllers/carts/carts.go:33.3,38.93 2 1
project-e-commerces/delivery/controllers/carts/carts.go:44.3,44.69 1 1
project-e-commerces/delivery/controllers/carts/carts.go:25.17,27.4 1 1
project-e-commerces/delivery/controllers/carts/carts.go:30.45,32.4 1 1
project-e-commerces/delivery/controllers/carts/carts.go:38.93,39.126 1 1
project-e-commerces/delivery/controllers/carts/carts.go:39.126,41.5 1 1
project-e-commerces/delivery/controllers/carts/carts.go:49.79,50.36 1 1
project-e-commerces/delivery/controllers/carts/carts.go:50.36,53.17 2 1
project-e-commerces/delivery/controllers/carts/carts.go:57.3,58.45 2 1
project-e-commerces/delivery/controllers/carts/carts.go:62.3,66.103 2 1
project-e-commerces/delivery/controllers/carts/carts.go:53.17,55.4 1 1
project-e-commerces/delivery/controllers/carts/carts.go:58.45,60.4 1 1
project-e-commerces/delivery/controllers/carts/carts.go:66.103,68.4 1 1
project-e-commerces/delivery/controllers/carts/carts.go:68.9,70.4 1 1
project-e-commerces/repository/carts/carts.go:13.49,15.2 1 1
project-e-commerces/repository/carts/carts.go:17.60,21.2 3 1
project-e-commerces/repository/carts/carts.go:23.81,26.2 2 1
project-e-commerces/repository/carts/carts.go:28.118,31.2 2 1
project-e-commerces/repository/carts/carts.go:33.105,40.2 5 1
project-e-commerces/repository/carts/carts.go:42.96,46.2 3 1
project-e-commerces/repository/categorys/categorys.go:13.55,15.2 1 1
project-e-commerces/repository/categorys/categorys.go:17.77,22.16 3 1
project-e-commerces/repository/categorys/categorys.go:26.2,26.23 1 1
project-e-commerces/repository/categorys/categorys.go:22.16,24.3 1 1
project-e-commerces/repository/categorys/categorys.go:29.91,34.16 3 1
project-e-commerces/repository/categorys/categorys.go:38.2,38.22 1 1
project-e-commerces/repository/categorys/categorys.go:34.16,36.3 1 1
project-e-commerces/repository/categorys/categorys.go:41.101,44.16 2 1
project-e-commerces/repository/categorys/categorys.go:48.2,48.22 1 1
project-e-commerces/repository/categorys/categorys.go:44.16,46.3 1 1
project-e-commerces/repository/categorys/categorys.go:51.118,56.16 3 1
project-e-commerces/repository/categorys/categorys.go:60.2,60.26 1 1
project-e-commerces/repository/categorys/categorys.go:56.16,58.3 1 1
project-e-commerces/repository/categorys/categorys.go:63.90,68.16 3 1
project-e-commerces/repository/categorys/categorys.go:72.2,72.22 1 1
project-e-commerces/repository/categorys/categorys.go:68.16,70.3 1 1
project-e-commerces/repository/transactions/transactions.go:18.63,20.2 1 1
project-e-commerces/repository/transactions/transactions.go:21.74,25.2 3 1
project-e-commerces/repository/transactions/transactions.go:26.79,30.2 3 1
project-e-commerces/repository/transactions/transactions.go:31.111,34.2 2 1
project-e-commerces/repository/transactions/transactions.go:35.132,38.2 2 0
project-e-commerces/repository/transactions/transactions.go:40.123,47.2 5 1
project-e-commerces/repository/transactions/transactions.go:49.90,54.2 4 1
project-e-commerces/repository/transactions/transactions.go:56.112,74.2 8 0
project-e-commerces/repository/transactions/transactions.go:76.105,94.2 8 0
project-e-commerces/repository/users/users.go:23.55,25.2 1 1
project-e-commerces/repository/users/users.go:27.85,36.48 4 1
project-e-commerces/repository/users/users.go:39.2,39.18 1 1
project-e-commerces/repository/users/users.go:36.48,38.3 1 0
project-e-commerces/repository/users/users.go:42.76,45.16 3 1
project-e-commerces/repository/users/users.go:48.2,48.18 1 1
project-e-commerces/repository/users/users.go:45.16,47.3 1 0
project-e-commerces/repository/users/users.go:51.72,53.56 2 1
project-e-commerces/repository/users/users.go:56.2,56.18 1 1
project-e-commerces/repository/users/users.go:53.56,55.3 1 0
project-e-commerces/repository/users/users.go:59.83,61.16 2 1
project-e-commerces/repository/users/users.go:65.2,65.18 1 1
project-e-commerces/repository/users/users.go:61.16,63.3 1 0
project-e-commerces/repository/users/users.go:68.54,71.16 3 1
project-e-commerces/repository/users/users.go:74.2,74.12 1 1
project-e-commerces/repository/users/users.go:71.16,73.3 1 0
project-e-commerces/repository/products/products.go:15.53,17.2 1 1
project-e-commerces/repository/products/products.go:19.74,24.16 3 1
project-e-commerces/repository/products/products.go:28.2,28.22 1 1
project-e-commerces/repository/products/products.go:24.16,26.3 1 1
project-e-commerces/repository/products/products.go:31.87,36.16 3 1
project-e-commerces/repository/products/products.go:40.2,40.21 1 1
project-e-commerces/repository/products/products.go:36.16,38.3 1 1
project-e-commerces/repository/products/products.go:43.96,46.16 2 1
project-e-commerces/repository/products/products.go:50.2,50.21 1 1
project-e-commerces/repository/products/products.go:46.16,48.3 1 1
project-e-commerces/repository/products/products.go:53.112,78.16 3 1
project-e-commerces/repository/products/products.go:82.2,82.25 1 1
project-e-commerces/repository/products/products.go:78.16,80.3 1 1
project-e-commerces/repository/products/products.go:85.96,93.16 5 1
project-e-commerces/repository/products/products.go:97.2,102.25 4 1
project-e-commerces/repository/products/products.go:93.16,95.3 1 1
project-e-commerces/repository/products/products.go:105.86,110.16 3 1
project-e-commerces/repository/products/products.go:114.2,114.21 1 1
project-e-commerces/repository/products/products.go:110.16,112.3 1 1
project-e-commerces/repository/products/products.go:117.95,122.16 3 1
project-e-commerces/repository/products/products.go:126.2,126.19 1 1
project-e-commerces/repository/products/products.go:122.16,124.3 1 1
project-e-commerces/repository/products/products.go:129.115,138.16 5 1
project-e-commerces/repository/products/products.go:142.2,148.36 4 1
project-e-commerces/repository/products/products.go:152.2,156.26 3 1
project-e-commerces/repository/products/products.go:166.2,166.30 1 1
project-e-commerces/repository/products/products.go:170.2,173.36 3 1
project-e-commerces/repository/products/products.go:138.16,140.3 1 1
project-e-commerces/repository/products/products.go:148.36,150.3 1 0
project-e-commerces/repository/products/products.go:156.26,159.3 2 1
project-e-commerces/repository/products/products.go:159.8,160.36 1 0
project-e-commerces/repository/products/products.go:160.36,163.4 2 0
project-e-commerces/repository/products/products.go:166.30,168.3 1 0
