mode: set
project-e-commerces/repository/payments/payments.go:13.55,15.2 1 0
project-e-commerces/repository/payments/payments.go:16.66,20.2 3 0
project-e-commerces/repository/payments/payments.go:21.71,25.2 3 0
project-e-commerces/repository/payments/payments.go:26.94,29.2 2 0
project-e-commerces/repository/payments/payments.go:30.107,36.2 5 0
project-e-commerces/repository/payments/payments.go:37.74,42.2 4 0
project-e-commerces/repository/transactions/transactions.go:13.63,15.2 1 0
project-e-commerces/repository/transactions/transactions.go:16.74,20.2 3 0
project-e-commerces/repository/transactions/transactions.go:21.79,25.2 3 0
project-e-commerces/repository/transactions/transactions.go:26.110,29.2 2 0
project-e-commerces/repository/transactions/transactions.go:30.123,37.2 5 0
project-e-commerces/repository/transactions/transactions.go:38.90,43.2 4 0
project-e-commerces/delivery/controllers/categorys/categorys.go:16.81,18.2 1 1
project-e-commerces/delivery/controllers/categorys/categorys.go:20.67,25.39 3 1
project-e-commerces/delivery/controllers/categorys/categorys.go:32.2,35.35 3 1
project-e-commerces/delivery/controllers/categorys/categorys.go:25.39,30.3 3 1
project-e-commerces/delivery/controllers/categorys/categorys.go:38.68,54.36 4 1
project-e-commerces/delivery/controllers/categorys/categorys.go:61.2,64.35 3 1
project-e-commerces/delivery/controllers/categorys/categorys.go:54.36,59.3 3 1
project-e-commerces/delivery/controllers/categorys/categorys.go:67.67,99.16 7 1
project-e-commerces/delivery/controllers/categorys/categorys.go:106.2,109.35 3 1
project-e-commerces/delivery/controllers/categorys/categorys.go:99.16,104.3 3 1
project-e-commerces/delivery/controllers/categorys/categorys.go:112.67,145.16 8 1
project-e-commerces/delivery/controllers/categorys/categorys.go:152.2,155.35 3 1
project-e-commerces/delivery/controllers/categorys/categorys.go:145.16,150.3 3 1
project-e-commerces/delivery/controllers/categorys/categorys.go:158.67,174.16 4 1
project-e-commerces/delivery/controllers/categorys/categorys.go:181.2,184.35 3 1
project-e-commerces/delivery/controllers/categorys/categorys.go:174.16,179.3 3 1
project-e-commerces/delivery/controllers/products/products.go:16.77,18.2 1 1
project-e-commerces/delivery/controllers/products/products.go:20.65,25.38 3 1
project-e-commerces/delivery/controllers/products/products.go:32.2,35.35 3 1
project-e-commerces/delivery/controllers/products/products.go:25.38,30.3 3 1
project-e-commerces/delivery/controllers/products/products.go:38.66,54.35 4 1
project-e-commerces/delivery/controllers/products/products.go:61.2,64.35 3 1
project-e-commerces/delivery/controllers/products/products.go:54.35,59.3 3 1
project-e-commerces/delivery/controllers/products/products.go:67.65,101.16 10 1
project-e-commerces/delivery/controllers/products/products.go:108.2,111.35 3 1
project-e-commerces/delivery/controllers/products/products.go:101.16,106.3 3 1
project-e-commerces/delivery/controllers/products/products.go:114.65,148.16 10 1
project-e-commerces/delivery/controllers/products/products.go:155.2,158.35 3 1
project-e-commerces/delivery/controllers/products/products.go:148.16,153.3 3 1
project-e-commerces/delivery/controllers/products/products.go:161.70,199.16 6 1
project-e-commerces/delivery/controllers/products/products.go:206.2,209.35 3 1
project-e-commerces/delivery/controllers/products/products.go:199.16,204.3 3 0
project-e-commerces/delivery/controllers/products/products.go:212.74,219.46 4 1
project-e-commerces/delivery/controllers/products/products.go:226.2,229.35 3 1
project-e-commerces/delivery/controllers/products/products.go:219.46,224.3 3 1
project-e-commerces/delivery/controllers/products/products.go:232.65,248.16 4 1
project-e-commerces/delivery/controllers/products/products.go:255.2,258.35 3 1
project-e-commerces/delivery/controllers/products/products.go:248.16,253.3 3 1
project-e-commerces/repository/carts/carts.go:13.49,15.2 1 1
project-e-commerces/repository/carts/carts.go:17.60,21.2 3 1
project-e-commerces/repository/carts/carts.go:23.81,26.2 2 1
project-e-commerces/repository/carts/carts.go:28.118,31.2 2 1
project-e-commerces/repository/carts/carts.go:33.105,40.2 5 1
project-e-commerces/repository/carts/carts.go:42.96,46.2 3 1
project-e-commerces/repository/categorys/categorys.go:13.55,15.2 1 1
project-e-commerces/repository/categorys/categorys.go:17.77,22.16 3 1
project-e-commerces/repository/categorys/categorys.go:26.2,26.23 1 1
project-e-commerces/repository/categorys/categorys.go:22.16,24.3 1 1
project-e-commerces/repository/categorys/categorys.go:29.91,34.16 3 1
project-e-commerces/repository/categorys/categorys.go:38.2,38.22 1 1
project-e-commerces/repository/categorys/categorys.go:34.16,36.3 1 1
project-e-commerces/repository/categorys/categorys.go:41.101,44.16 2 1
project-e-commerces/repository/categorys/categorys.go:48.2,48.22 1 1
project-e-commerces/repository/categorys/categorys.go:44.16,46.3 1 1
project-e-commerces/repository/categorys/categorys.go:51.118,56.40 3 1
project-e-commerces/repository/categorys/categorys.go:60.2,64.40 3 1
project-e-commerces/repository/categorys/categorys.go:68.2,68.26 1 1
project-e-commerces/repository/categorys/categorys.go:56.40,58.3 1 1
project-e-commerces/repository/categorys/categorys.go:64.40,66.3 1 0
project-e-commerces/repository/categorys/categorys.go:71.90,76.16 3 1
project-e-commerces/repository/categorys/categorys.go:80.2,80.22 1 1
project-e-commerces/repository/categorys/categorys.go:76.16,78.3 1 1
project-e-commerces/delivery/controllers/carts/carts.go:17.70,19.2 1 1
project-e-commerces/delivery/controllers/carts/carts.go:21.76,22.36 1 1
project-e-commerces/delivery/controllers/carts/carts.go:22.36,25.17 2 1
project-e-commerces/delivery/controllers/carts/carts.go:28.3,30.45 2 1
project-e-commerces/delivery/controllers/carts/carts.go:33.3,38.93 2 1
project-e-commerces/delivery/controllers/carts/carts.go:44.3,44.69 1 1
project-e-commerces/delivery/controllers/carts/carts.go:25.17,27.4 1 1
project-e-commerces/delivery/controllers/carts/carts.go:30.45,32.4 1 1
project-e-commerces/delivery/controllers/carts/carts.go:38.93,39.126 1 1
project-e-commerces/delivery/controllers/carts/carts.go:39.126,41.5 1 1
project-e-commerces/delivery/controllers/carts/carts.go:49.79,50.36 1 1
project-e-commerces/delivery/controllers/carts/carts.go:50.36,53.17 2 1
project-e-commerces/delivery/controllers/carts/carts.go:57.3,58.45 2 1
project-e-commerces/delivery/controllers/carts/carts.go:62.3,66.103 2 1
project-e-commerces/delivery/controllers/carts/carts.go:53.17,55.4 1 1
project-e-commerces/delivery/controllers/carts/carts.go:58.45,60.4 1 1
project-e-commerces/delivery/controllers/carts/carts.go:66.103,68.4 1 1
project-e-commerces/delivery/controllers/carts/carts.go:68.9,70.4 1 1
