mode: set
project-e-commerces/repository/transactions/transactions.go:13.63,15.2 1 0
project-e-commerces/repository/transactions/transactions.go:16.74,20.2 3 0
project-e-commerces/repository/transactions/transactions.go:21.79,25.2 3 0
project-e-commerces/repository/transactions/transactions.go:26.110,29.2 2 0
project-e-commerces/repository/transactions/transactions.go:30.123,37.2 5 0
project-e-commerces/repository/transactions/transactions.go:38.90,43.2 4 0
project-e-commerces/repository/payments/payments.go:13.55,15.2 1 0
project-e-commerces/repository/payments/payments.go:16.66,20.2 3 0
project-e-commerces/repository/payments/payments.go:21.71,25.2 3 0
project-e-commerces/repository/payments/payments.go:26.94,29.2 2 0
project-e-commerces/repository/payments/payments.go:30.107,36.2 5 0
project-e-commerces/repository/payments/payments.go:37.74,42.2 4 0
project-e-commerces/delivery/controllers/categorys/categorys.go:16.81,18.2 1 1
project-e-commerces/delivery/controllers/categorys/categorys.go:20.67,25.39 3 1
project-e-commerces/delivery/controllers/categorys/categorys.go:32.2,35.35 3 1
project-e-commerces/delivery/controllers/categorys/categorys.go:25.39,30.3 3 1
project-e-commerces/delivery/controllers/categorys/categorys.go:38.68,54.36 4 1
project-e-commerces/delivery/controllers/categorys/categorys.go:61.2,64.35 3 1
project-e-commerces/delivery/controllers/categorys/categorys.go:54.36,59.3 3 1
project-e-commerces/delivery/controllers/categorys/categorys.go:67.67,99.16 7 1
project-e-commerces/delivery/controllers/categorys/categorys.go:106.2,109.35 3 1
project-e-commerces/delivery/controllers/categorys/categorys.go:99.16,104.3 3 1
project-e-commerces/delivery/controllers/categorys/categorys.go:112.67,145.16 8 1
project-e-commerces/delivery/controllers/categorys/categorys.go:152.2,155.35 3 1
project-e-commerces/delivery/controllers/categorys/categorys.go:145.16,150.3 3 1
project-e-commerces/delivery/controllers/categorys/categorys.go:158.67,174.16 4 1
project-e-commerces/delivery/controllers/categorys/categorys.go:181.2,184.35 3 1
project-e-commerces/delivery/controllers/categorys/categorys.go:174.16,179.3 3 1
project-e-commerces/delivery/controllers/products/products.go:16.77,18.2 1 1
project-e-commerces/delivery/controllers/products/products.go:20.65,25.38 3 1
project-e-commerces/delivery/controllers/products/products.go:32.2,35.35 3 1
project-e-commerces/delivery/controllers/products/products.go:25.38,30.3 3 1
project-e-commerces/delivery/controllers/products/products.go:38.66,54.35 4 1
project-e-commerces/delivery/controllers/products/products.go:61.2,64.35 3 1
project-e-commerces/delivery/controllers/products/products.go:54.35,59.3 3 1
project-e-commerces/delivery/controllers/products/products.go:67.65,101.16 10 1
project-e-commerces/delivery/controllers/products/products.go:108.2,111.35 3 1
project-e-commerces/delivery/controllers/products/products.go:101.16,106.3 3 1
project-e-commerces/delivery/controllers/products/products.go:114.65,148.16 10 1
project-e-commerces/delivery/controllers/products/products.go:155.2,158.35 3 1
project-e-commerces/delivery/controllers/products/products.go:148.16,153.3 3 1
project-e-commerces/delivery/controllers/products/products.go:161.70,199.16 6 1
project-e-commerces/delivery/controllers/products/products.go:206.2,209.35 3 1
project-e-commerces/delivery/controllers/products/products.go:199.16,204.3 3 0
project-e-commerces/delivery/controllers/products/products.go:212.74,219.46 4 1
project-e-commerces/delivery/controllers/products/products.go:226.2,229.35 3 1
project-e-commerces/delivery/controllers/products/products.go:219.46,224.3 3 1
project-e-commerces/delivery/controllers/products/products.go:232.65,248.16 4 1
project-e-commerces/delivery/controllers/products/products.go:255.2,258.35 3 1
project-e-commerces/delivery/controllers/products/products.go:248.16,253.3 3 1
project-e-commerces/delivery/controllers/users/authJwt.go:16.59,19.21 3 1
project-e-commerces/delivery/controllers/users/authJwt.go:24.2,27.61 4 1
project-e-commerces/delivery/controllers/users/authJwt.go:19.21,21.3 1 0
project-e-commerces/delivery/controllers/users/authJwt.go:21.8,23.3 1 1
project-e-commerces/delivery/controllers/users/authJwt.go:30.45,33.16 2 1
project-e-commerces/delivery/controllers/users/authJwt.go:39.2,39.10 1 0
project-e-commerces/delivery/controllers/users/authJwt.go:33.16,38.3 4 1
project-e-commerces/delivery/controllers/users/authJwt.go:59.54,60.36 1 0
project-e-commerces/delivery/controllers/users/authJwt.go:60.36,64.13 4 0
project-e-commerces/delivery/controllers/users/authJwt.go:67.3,67.17 1 0
project-e-commerces/delivery/controllers/users/authJwt.go:64.13,66.4 1 0
project-e-commerces/delivery/controllers/users/hashPwd.go:8.42,11.2 2 1
project-e-commerces/delivery/controllers/users/hashPwd.go:13.47,15.16 2 1
project-e-commerces/delivery/controllers/users/hashPwd.go:18.2,18.18 1 1
project-e-commerces/delivery/controllers/users/hashPwd.go:15.16,17.3 1 0
project-e-commerces/delivery/controllers/users/users.go:15.71,17.2 1 1
project-e-commerces/delivery/controllers/users/users.go:22.57,28.16 4 1
project-e-commerces/delivery/controllers/users/users.go:31.2,34.16 3 1
project-e-commerces/delivery/controllers/users/users.go:38.2,41.4 1 1
project-e-commerces/delivery/controllers/users/users.go:28.16,30.3 1 0
project-e-commerces/delivery/controllers/users/users.go:34.16,36.3 1 1
project-e-commerces/delivery/controllers/users/users.go:44.54,46.39 2 1
project-e-commerces/delivery/controllers/users/users.go:52.2,53.16 2 1
project-e-commerces/delivery/controllers/users/users.go:59.2,60.16 2 1
project-e-commerces/delivery/controllers/users/users.go:64.2,66.10 2 1
project-e-commerces/delivery/controllers/users/users.go:70.2,74.4 1 1
project-e-commerces/delivery/controllers/users/users.go:46.39,50.3 1 1
project-e-commerces/delivery/controllers/users/users.go:53.16,57.3 1 1
project-e-commerces/delivery/controllers/users/users.go:60.16,62.3 1 0
project-e-commerces/delivery/controllers/users/users.go:66.10,68.3 1 1
project-e-commerces/delivery/controllers/users/users.go:80.49,81.36 1 1
project-e-commerces/delivery/controllers/users/users.go:81.36,85.17 3 1
project-e-commerces/delivery/controllers/users/users.go:88.3,91.5 1 1
project-e-commerces/delivery/controllers/users/users.go:85.17,87.4 1 0
project-e-commerces/delivery/controllers/users/users.go:95.52,96.36 1 1
project-e-commerces/delivery/controllers/users/users.go:96.36,100.17 3 1
project-e-commerces/delivery/controllers/users/users.go:103.3,105.5 1 1
project-e-commerces/delivery/controllers/users/users.go:100.17,102.4 1 0
project-e-commerces/delivery/controllers/users/users.go:109.52,110.36 1 1
project-e-commerces/delivery/controllers/users/users.go:110.36,113.17 3 1
project-e-commerces/delivery/controllers/users/users.go:116.3,123.17 8 1
project-e-commerces/delivery/controllers/users/users.go:126.3,129.5 1 1
project-e-commerces/delivery/controllers/users/users.go:113.17,115.4 1 0
project-e-commerces/delivery/controllers/users/users.go:123.17,125.4 1 0
project-e-commerces/repository/users/users.go:25.55,27.2 1 1
project-e-commerces/repository/users/users.go:29.85,39.48 4 1
project-e-commerces/repository/users/users.go:42.2,42.18 1 1
project-e-commerces/repository/users/users.go:39.48,41.3 1 0
project-e-commerces/repository/users/users.go:45.76,65.16 3 1
project-e-commerces/repository/users/users.go:68.2,68.18 1 1
project-e-commerces/repository/users/users.go:65.16,67.3 1 0
project-e-commerces/repository/users/users.go:71.72,73.56 2 1
project-e-commerces/repository/users/users.go:76.2,76.18 1 1
project-e-commerces/repository/users/users.go:73.56,75.3 1 0
project-e-commerces/repository/users/users.go:79.83,81.16 2 1
project-e-commerces/repository/users/users.go:85.2,85.18 1 1
project-e-commerces/repository/users/users.go:81.16,83.3 1 0
project-e-commerces/repository/users/users.go:88.54,91.16 3 1
project-e-commerces/repository/users/users.go:94.2,94.12 1 1
project-e-commerces/repository/users/users.go:91.16,93.3 1 0
project-e-commerces/repository/carts/carts.go:13.49,15.2 1 1
project-e-commerces/repository/carts/carts.go:17.60,21.2 3 1
project-e-commerces/repository/carts/carts.go:23.81,26.2 2 1
project-e-commerces/repository/carts/carts.go:28.118,31.2 2 1
project-e-commerces/repository/carts/carts.go:33.105,40.2 5 1
project-e-commerces/repository/carts/carts.go:42.96,46.2 3 1
project-e-commerces/delivery/controllers/carts/carts.go:17.70,19.2 1 1
project-e-commerces/delivery/controllers/carts/carts.go:21.76,22.36 1 1
project-e-commerces/delivery/controllers/carts/carts.go:22.36,25.17 2 1
project-e-commerces/delivery/controllers/carts/carts.go:28.3,30.45 2 1
project-e-commerces/delivery/controllers/carts/carts.go:33.3,38.93 2 1
project-e-commerces/delivery/controllers/carts/carts.go:44.3,44.69 1 1
project-e-commerces/delivery/controllers/carts/carts.go:25.17,27.4 1 1
project-e-commerces/delivery/controllers/carts/carts.go:30.45,32.4 1 1
project-e-commerces/delivery/controllers/carts/carts.go:38.93,39.126 1 1
project-e-commerces/delivery/controllers/carts/carts.go:39.126,41.5 1 1
project-e-commerces/delivery/controllers/carts/carts.go:49.79,50.36 1 1
project-e-commerces/delivery/controllers/carts/carts.go:50.36,53.17 2 1
project-e-commerces/delivery/controllers/carts/carts.go:57.3,58.45 2 1
project-e-commerces/delivery/controllers/carts/carts.go:62.3,66.103 2 1
project-e-commerces/delivery/controllers/carts/carts.go:53.17,55.4 1 1
project-e-commerces/delivery/controllers/carts/carts.go:58.45,60.4 1 1
project-e-commerces/delivery/controllers/carts/carts.go:66.103,68.4 1 1
project-e-commerces/delivery/controllers/carts/carts.go:68.9,70.4 1 1
