mode: set
project-e-commerces/repository/products/products.go:15.53,17.2 1 1
project-e-commerces/repository/products/products.go:19.74,24.16 3 1
project-e-commerces/repository/products/products.go:28.2,28.22 1 1
project-e-commerces/repository/products/products.go:24.16,26.3 1 1
project-e-commerces/repository/products/products.go:31.87,36.16 3 1
project-e-commerces/repository/products/products.go:40.2,40.21 1 1
project-e-commerces/repository/products/products.go:36.16,38.3 1 1
project-e-commerces/repository/products/products.go:43.96,46.16 2 1
project-e-commerces/repository/products/products.go:50.2,50.21 1 1
project-e-commerces/repository/products/products.go:46.16,48.3 1 1
project-e-commerces/repository/products/products.go:53.112,78.16 3 1
project-e-commerces/repository/products/products.go:82.2,82.25 1 1
project-e-commerces/repository/products/products.go:78.16,80.3 1 1
project-e-commerces/repository/products/products.go:85.96,93.16 5 1
project-e-commerces/repository/products/products.go:97.2,102.25 4 1
project-e-commerces/repository/products/products.go:93.16,95.3 1 1
project-e-commerces/repository/products/products.go:105.86,110.16 3 1
project-e-commerces/repository/products/products.go:114.2,114.21 1 1
project-e-commerces/repository/products/products.go:110.16,112.3 1 1
project-e-commerces/repository/products/products.go:117.95,122.16 3 1
project-e-commerces/repository/products/products.go:126.2,126.19 1 1
project-e-commerces/repository/products/products.go:122.16,124.3 1 1
project-e-commerces/repository/products/products.go:129.115,142.16 5 1
project-e-commerces/repository/products/products.go:146.2,156.36 4 1
project-e-commerces/repository/products/products.go:160.2,164.26 3 1
project-e-commerces/repository/products/products.go:174.2,174.30 1 1
project-e-commerces/repository/products/products.go:178.2,181.36 3 1
project-e-commerces/repository/products/products.go:142.16,144.3 1 1
project-e-commerces/repository/products/products.go:156.36,158.3 1 0
project-e-commerces/repository/products/products.go:164.26,167.3 2 1
project-e-commerces/repository/products/products.go:167.8,168.36 1 0
project-e-commerces/repository/products/products.go:168.36,171.4 2 0
project-e-commerces/repository/products/products.go:174.30,176.3 1 0
