mode: set
project-e-commerces/repository/products/products.go:13.53,15.2 1 1
project-e-commerces/repository/products/products.go:17.74,22.16 3 1
project-e-commerces/repository/products/products.go:26.2,26.22 1 1
project-e-commerces/repository/products/products.go:22.16,24.3 1 1
project-e-commerces/repository/products/products.go:29.87,34.16 3 1
project-e-commerces/repository/products/products.go:38.2,38.21 1 1
project-e-commerces/repository/products/products.go:34.16,36.3 1 1
project-e-commerces/repository/products/products.go:41.96,44.16 2 1
project-e-commerces/repository/products/products.go:48.2,48.21 1 1
project-e-commerces/repository/products/products.go:44.16,46.3 1 1
project-e-commerces/repository/products/products.go:51.112,56.39 3 1
project-e-commerces/repository/products/products.go:60.2,66.39 5 1
project-e-commerces/repository/products/products.go:70.2,70.25 1 1
project-e-commerces/repository/products/products.go:56.39,58.3 1 1
project-e-commerces/repository/products/products.go:66.39,68.3 1 0
project-e-commerces/repository/products/products.go:73.96,79.39 4 1
project-e-commerces/repository/products/products.go:83.2,87.39 3 1
project-e-commerces/repository/products/products.go:91.2,96.16 4 1
project-e-commerces/repository/products/products.go:100.2,100.25 1 1
project-e-commerces/repository/products/products.go:79.39,81.3 1 1
project-e-commerces/repository/products/products.go:87.39,89.3 1 0
project-e-commerces/repository/products/products.go:96.16,98.3 1 0
project-e-commerces/repository/products/products.go:103.86,108.16 3 1
project-e-commerces/repository/products/products.go:112.2,112.21 1 1
project-e-commerces/repository/products/products.go:108.16,110.3 1 0
