mode: set
project-e-commerces/delivery/controllers/categorys/categorys.go:16.81,18.2 1 1
project-e-commerces/delivery/controllers/categorys/categorys.go:20.67,25.39 3 1
project-e-commerces/delivery/controllers/categorys/categorys.go:32.2,35.35 3 1
project-e-commerces/delivery/controllers/categorys/categorys.go:25.39,30.3 3 1
project-e-commerces/delivery/controllers/categorys/categorys.go:38.68,54.36 4 1
project-e-commerces/delivery/controllers/categorys/categorys.go:61.2,64.35 3 1
project-e-commerces/delivery/controllers/categorys/categorys.go:54.36,59.3 3 1
project-e-commerces/delivery/controllers/categorys/categorys.go:67.67,99.16 7 1
project-e-commerces/delivery/controllers/categorys/categorys.go:106.2,109.35 3 1
project-e-commerces/delivery/controllers/categorys/categorys.go:99.16,104.3 3 1
project-e-commerces/delivery/controllers/categorys/categorys.go:112.67,145.16 8 1
project-e-commerces/delivery/controllers/categorys/categorys.go:152.2,155.35 3 1
project-e-commerces/delivery/controllers/categorys/categorys.go:145.16,150.3 3 1
project-e-commerces/delivery/controllers/categorys/categorys.go:158.67,174.16 4 1
project-e-commerces/delivery/controllers/categorys/categorys.go:181.2,184.35 3 1
project-e-commerces/delivery/controllers/categorys/categorys.go:174.16,179.3 3 1
