mode: set
project-e-commerces/delivery/controllers/categorys/categorys.go:17.81,19.2 1 1
project-e-commerces/delivery/controllers/categorys/categorys.go:21.67,24.33 2 1
project-e-commerces/delivery/controllers/categorys/categorys.go:28.2,32.4 1 1
project-e-commerces/delivery/controllers/categorys/categorys.go:24.33,26.3 1 1
project-e-commerces/delivery/controllers/categorys/categorys.go:35.68,40.31 3 1
project-e-commerces/delivery/controllers/categorys/categorys.go:44.2,48.4 1 1
project-e-commerces/delivery/controllers/categorys/categorys.go:40.31,42.3 1 1
project-e-commerces/delivery/controllers/categorys/categorys.go:51.67,62.16 6 1
project-e-commerces/delivery/controllers/categorys/categorys.go:66.2,70.4 1 1
project-e-commerces/delivery/controllers/categorys/categorys.go:62.16,64.3 1 1
project-e-commerces/delivery/controllers/categorys/categorys.go:73.67,86.16 7 1
project-e-commerces/delivery/controllers/categorys/categorys.go:90.2,90.68 1 1
project-e-commerces/delivery/controllers/categorys/categorys.go:86.16,88.3 1 1
project-e-commerces/delivery/controllers/categorys/categorys.go:93.67,98.16 3 1
project-e-commerces/delivery/controllers/categorys/categorys.go:102.2,102.68 1 1
project-e-commerces/delivery/controllers/categorys/categorys.go:98.16,100.3 1 1
