mode: set
project-e-commerces/repository/users/users.go:25.55,27.2 1 1
project-e-commerces/repository/users/users.go:29.85,39.48 6 1
project-e-commerces/repository/users/users.go:42.2,42.18 1 1
project-e-commerces/repository/users/users.go:39.48,41.3 1 0
project-e-commerces/repository/users/users.go:45.76,65.16 3 1
project-e-commerces/repository/users/users.go:68.2,68.18 1 1
project-e-commerces/repository/users/users.go:65.16,67.3 1 0
project-e-commerces/repository/users/users.go:71.72,73.56 2 1
project-e-commerces/repository/users/users.go:76.2,76.18 1 1
project-e-commerces/repository/users/users.go:73.56,75.3 1 0
project-e-commerces/repository/users/users.go:79.83,81.16 2 1
project-e-commerces/repository/users/users.go:85.2,85.18 1 1
project-e-commerces/repository/users/users.go:81.16,83.3 1 0
project-e-commerces/repository/users/users.go:88.54,91.16 3 1
project-e-commerces/repository/users/users.go:94.2,94.12 1 1
project-e-commerces/repository/users/users.go:91.16,93.3 1 0
