mode: set
project-e-commerces/delivery/controllers/carts/carts.go:17.70,19.2 1 1
project-e-commerces/delivery/controllers/carts/carts.go:21.76,22.36 1 1
project-e-commerces/delivery/controllers/carts/carts.go:22.36,25.17 2 1
project-e-commerces/delivery/controllers/carts/carts.go:28.3,30.45 2 1
project-e-commerces/delivery/controllers/carts/carts.go:33.3,38.93 2 1
project-e-commerces/delivery/controllers/carts/carts.go:44.3,44.69 1 1
project-e-commerces/delivery/controllers/carts/carts.go:25.17,27.4 1 1
project-e-commerces/delivery/controllers/carts/carts.go:30.45,32.4 1 1
project-e-commerces/delivery/controllers/carts/carts.go:38.93,39.126 1 1
project-e-commerces/delivery/controllers/carts/carts.go:39.126,41.5 1 1
project-e-commerces/delivery/controllers/carts/carts.go:49.79,50.36 1 1
project-e-commerces/delivery/controllers/carts/carts.go:50.36,53.17 2 1
project-e-commerces/delivery/controllers/carts/carts.go:57.3,58.45 2 1
project-e-commerces/delivery/controllers/carts/carts.go:62.3,66.103 2 1
project-e-commerces/delivery/controllers/carts/carts.go:53.17,55.4 1 1
project-e-commerces/delivery/controllers/carts/carts.go:58.45,60.4 1 1
project-e-commerces/delivery/controllers/carts/carts.go:66.103,68.4 1 1
project-e-commerces/delivery/controllers/carts/carts.go:68.9,70.4 1 1
