mode: set
project-e-commerces/delivery/controllers/carts/carts.go:18.70,20.2 1 1
project-e-commerces/delivery/controllers/carts/carts.go:22.54,23.36 1 1
project-e-commerces/delivery/controllers/carts/carts.go:23.36,28.76 4 1
project-e-commerces/delivery/controllers/carts/carts.go:28.76,31.4 2 1
project-e-commerces/delivery/controllers/carts/carts.go:31.9,37.4 1 1
project-e-commerces/delivery/controllers/carts/carts.go:41.76,42.36 1 1
project-e-commerces/delivery/controllers/carts/carts.go:42.36,46.45 2 1
project-e-commerces/delivery/controllers/carts/carts.go:50.3,62.79 5 1
project-e-commerces/delivery/controllers/carts/carts.go:46.45,48.4 1 1
project-e-commerces/delivery/controllers/carts/carts.go:62.79,64.4 1 1
project-e-commerces/delivery/controllers/carts/carts.go:64.9,66.4 1 1
project-e-commerces/delivery/controllers/carts/carts.go:71.79,72.36 1 1
project-e-commerces/delivery/controllers/carts/carts.go:72.36,75.45 2 1
project-e-commerces/delivery/controllers/carts/carts.go:78.3,86.103 5 1
project-e-commerces/delivery/controllers/carts/carts.go:75.45,77.4 1 1
project-e-commerces/delivery/controllers/carts/carts.go:86.103,88.4 1 1
project-e-commerces/delivery/controllers/carts/carts.go:88.9,90.4 1 1
