mode: set
project-e-commerces/repository/categorys/categorys.go:13.55,15.2 1 1
project-e-commerces/repository/categorys/categorys.go:17.77,22.16 3 1
project-e-commerces/repository/categorys/categorys.go:26.2,26.23 1 1
project-e-commerces/repository/categorys/categorys.go:22.16,24.3 1 1
project-e-commerces/repository/categorys/categorys.go:29.91,34.16 3 1
project-e-commerces/repository/categorys/categorys.go:38.2,38.22 1 1
project-e-commerces/repository/categorys/categorys.go:34.16,36.3 1 1
project-e-commerces/repository/categorys/categorys.go:41.101,44.16 2 1
project-e-commerces/repository/categorys/categorys.go:48.2,48.22 1 1
project-e-commerces/repository/categorys/categorys.go:44.16,46.3 1 1
project-e-commerces/repository/categorys/categorys.go:51.118,56.40 3 1
project-e-commerces/repository/categorys/categorys.go:60.2,64.40 3 1
project-e-commerces/repository/categorys/categorys.go:68.2,68.26 1 1
project-e-commerces/repository/categorys/categorys.go:56.40,58.3 1 1
project-e-commerces/repository/categorys/categorys.go:64.40,66.3 1 0
project-e-commerces/repository/categorys/categorys.go:71.90,76.16 3 1
project-e-commerces/repository/categorys/categorys.go:80.2,80.22 1 1
project-e-commerces/repository/categorys/categorys.go:76.16,78.3 1 1
