mode: set
project-e-commerces/repository/categorys/categorys.go:13.55,15.2 1 1
project-e-commerces/repository/categorys/categorys.go:17.77,22.16 3 1
project-e-commerces/repository/categorys/categorys.go:26.2,26.23 1 1
project-e-commerces/repository/categorys/categorys.go:22.16,24.3 1 1
project-e-commerces/repository/categorys/categorys.go:29.91,34.16 3 1
project-e-commerces/repository/categorys/categorys.go:38.2,38.22 1 1
project-e-commerces/repository/categorys/categorys.go:34.16,36.3 1 1
project-e-commerces/repository/categorys/categorys.go:41.101,44.16 2 1
project-e-commerces/repository/categorys/categorys.go:48.2,48.22 1 1
project-e-commerces/repository/categorys/categorys.go:44.16,46.3 1 1
project-e-commerces/repository/categorys/categorys.go:51.118,74.16 3 1
project-e-commerces/repository/categorys/categorys.go:78.2,78.26 1 1
project-e-commerces/repository/categorys/categorys.go:74.16,76.3 1 1
project-e-commerces/repository/categorys/categorys.go:81.90,86.16 3 1
project-e-commerces/repository/categorys/categorys.go:90.2,90.22 1 1
project-e-commerces/repository/categorys/categorys.go:86.16,88.3 1 1
