mode: set
project-e-commerces/delivery/controllers/users/users.go:18.71,20.2 1 1
project-e-commerces/delivery/controllers/users/users.go:25.57,32.16 6 1
project-e-commerces/delivery/controllers/users/users.go:36.2,36.35 1 1
project-e-commerces/delivery/controllers/users/users.go:32.16,34.3 1 0
project-e-commerces/delivery/controllers/users/users.go:39.54,44.16 4 0
project-e-commerces/delivery/controllers/users/users.go:48.2,49.16 2 0
project-e-commerces/delivery/controllers/users/users.go:53.2,55.10 2 0
project-e-commerces/delivery/controllers/users/users.go:59.2,59.37 1 0
project-e-commerces/delivery/controllers/users/users.go:44.16,46.3 1 0
project-e-commerces/delivery/controllers/users/users.go:49.16,51.3 1 0
project-e-commerces/delivery/controllers/users/users.go:55.10,57.3 1 0
project-e-commerces/delivery/controllers/users/users.go:65.52,68.16 3 0
project-e-commerces/delivery/controllers/users/users.go:71.2,71.60 1 0
project-e-commerces/delivery/controllers/users/users.go:68.16,70.3 1 0
project-e-commerces/delivery/controllers/users/users.go:74.55,78.16 3 0
project-e-commerces/delivery/controllers/users/users.go:81.2,81.59 1 0
project-e-commerces/delivery/controllers/users/users.go:78.16,80.3 1 0
project-e-commerces/delivery/controllers/users/users.go:84.55,87.16 3 0
project-e-commerces/delivery/controllers/users/users.go:90.2,97.16 8 0
project-e-commerces/delivery/controllers/users/users.go:100.2,100.39 1 0
project-e-commerces/delivery/controllers/users/users.go:87.16,89.3 1 0
project-e-commerces/delivery/controllers/users/users.go:97.16,99.3 1 0
project-e-commerces/delivery/controllers/users/authJwt.go:16.59,19.21 3 0
project-e-commerces/delivery/controllers/users/authJwt.go:24.2,27.61 4 0
project-e-commerces/delivery/controllers/users/authJwt.go:19.21,21.3 1 0
project-e-commerces/delivery/controllers/users/authJwt.go:21.8,23.3 1 0
project-e-commerces/delivery/controllers/users/authJwt.go:30.45,33.16 2 0
project-e-commerces/delivery/controllers/users/authJwt.go:39.2,39.10 1 0
project-e-commerces/delivery/controllers/users/authJwt.go:33.16,38.3 4 0
project-e-commerces/delivery/controllers/users/authJwt.go:59.54,60.36 1 0
project-e-commerces/delivery/controllers/users/authJwt.go:60.36,64.13 4 0
project-e-commerces/delivery/controllers/users/authJwt.go:67.3,67.17 1 0
project-e-commerces/delivery/controllers/users/authJwt.go:64.13,66.4 1 0
project-e-commerces/delivery/controllers/users/hashPwd.go:8.42,11.2 2 1
project-e-commerces/delivery/controllers/users/hashPwd.go:13.47,15.16 2 0
project-e-commerces/delivery/controllers/users/hashPwd.go:18.2,18.18 1 0
project-e-commerces/delivery/controllers/users/hashPwd.go:15.16,17.3 1 0
